<?xml version="1.0" encoding="UTF-8"?>
<!-- Generated by org.testng.reporters.JUnitReportReporter -->
<testsuite hostname="BDC6-D-8QNHVQ1" name="BRH_EBF_TV.TV_Test" tests="48" failures="0" timestamp="3 Mar 2015 09:19:58 GMT" time="1321.677" errors="0">
  <testcase name="RT_TV_019" time="2.945" classname="BRH_EBF_TV.TV_Test"/>
  <testcase name="RT_TV_021" time="4.095" classname="BRH_EBF_TV.TV_Test"/>
  <testcase name="RT_TV_022" time="3.479" classname="BRH_EBF_TV.TV_Test"/>
  <testcase name="RT_TV_009" time="2.599" classname="BRH_EBF_TV.TV_Test"/>
  <testcase name="RT_TV_011" time="3.239" classname="BRH_EBF_TV.TV_Test"/>
  <testcase name="RT_TV_007" time="3.126" classname="BRH_EBF_TV.TV_Test"/>
  <testcase name="RT_TV_001" time="2.534" classname="BRH_EBF_TV.TV_Test"/>
  <testcase name="RT_TV_006" time="4.753" classname="BRH_EBF_TV.TV_Test"/>
  <testcase name="RT_TV_014" time="4.629" classname="BRH_EBF_TV.TV_Test"/>
  <testcase name="RT_TV_002" time="2.111" classname="BRH_EBF_TV.TV_Test"/>
  <testcase name="RT_TV_009" time="2.427" classname="BRH_EBF_TV.TV_Test"/>
  <testcase name="RT_TV_023" time="3.886" classname="BRH_EBF_TV.TV_Test"/>
  <testcase name="RT_TV_027" time="121.809" classname="BRH_EBF_TV.TV_Test"/>
  <testcase name="RT_TV_015" time="3.129" classname="BRH_EBF_TV.TV_Test"/>
  <testcase name="RT_TV_003" time="2.196" classname="BRH_EBF_TV.TV_Test"/>
  <testcase name="RT_TV_008" time="3.039" classname="BRH_EBF_TV.TV_Test"/>
  <testcase name="RT_TV_004" time="457.819" classname="BRH_EBF_TV.TV_Test"/>
  <testcase name="RT_TV_026" time="3.272" classname="BRH_EBF_TV.TV_Test"/>
  <testcase name="RT_TV_015" time="3.961" classname="BRH_EBF_TV.TV_Test"/>
  <testcase name="RT_TV_025" time="4.188" classname="BRH_EBF_TV.TV_Test"/>
  <testcase name="RT_TV_024" time="2.741" classname="BRH_EBF_TV.TV_Test"/>
  <testcase name="RT_TV_001" time="3.396" classname="BRH_EBF_TV.TV_Test"/>
  <testcase name="RT_TV_027" time="136.075" classname="BRH_EBF_TV.TV_Test"/>
  <testcase name="RT_TV_010" time="2.740" classname="BRH_EBF_TV.TV_Test"/>
  <testcase name="RT_TV_003" time="1.860" classname="BRH_EBF_TV.TV_Test"/>
  <testcase name="RT_TV_028" time="2.383" classname="BRH_EBF_TV.TV_Test"/>
  <testcase name="RT_TV_025" time="4.899" classname="BRH_EBF_TV.TV_Test"/>
  <testcase name="RT_TV_022" time="4.092" classname="BRH_EBF_TV.TV_Test"/>
  <testcase name="RT_TV_020" time="2.935" classname="BRH_EBF_TV.TV_Test"/>
  <testcase name="RT_TV_023" time="4.240" classname="BRH_EBF_TV.TV_Test"/>
  <testcase name="RT_TV_014" time="4.444" classname="BRH_EBF_TV.TV_Test"/>
  <testcase name="RT_TV_020" time="3.519" classname="BRH_EBF_TV.TV_Test"/>
  <testcase name="RT_TV_007" time="3.974" classname="BRH_EBF_TV.TV_Test"/>
  <testcase name="RT_TV_002" time="1.936" classname="BRH_EBF_TV.TV_Test"/>
  <testcase name="RT_TV_006" time="5.123" classname="BRH_EBF_TV.TV_Test"/>
  <testcase name="RT_TV_008" time="3.349" classname="BRH_EBF_TV.TV_Test"/>
  <testcase name="RT_TV_005" time="3.226" classname="BRH_EBF_TV.TV_Test"/>
  <testcase name="RT_TV_019" time="3.324" classname="BRH_EBF_TV.TV_Test"/>
  <testcase name="RT_TV_010" time="2.818" classname="BRH_EBF_TV.TV_Test"/>
  <testcase name="RT_TV_024" time="3.183" classname="BRH_EBF_TV.TV_Test"/>
  <testcase name="RT_TV_016" time="3.748" classname="BRH_EBF_TV.TV_Test"/>
  <testcase name="RT_TV_016" time="2.286" classname="BRH_EBF_TV.TV_Test"/>
  <testcase name="RT_TV_026" time="4.459" classname="BRH_EBF_TV.TV_Test"/>
  <testcase name="RT_TV_011" time="2.549" classname="BRH_EBF_TV.TV_Test"/>
  <testcase name="RT_TV_005" time="6.205" classname="BRH_EBF_TV.TV_Test"/>
  <testcase name="RT_TV_021" time="3.354" classname="BRH_EBF_TV.TV_Test"/>
  <testcase name="RT_TV_004" time="456.981" classname="BRH_EBF_TV.TV_Test"/>
  <testcase name="RT_TV_028" time="2.602" classname="BRH_EBF_TV.TV_Test"/>
</testsuite> <!-- BRH_EBF_TV.TV_Test -->
