<?xml version="1.0" encoding="UTF-8"?>
<!-- Generated by org.testng.reporters.JUnitReportReporter -->
<testsuite hostname="BDC6-D-8QNHVQ1" name="RO_OS_Regression.ro_Test" tests="26" failures="0" timestamp="27 Feb 2015 09:32:59 GMT" time="759.676" errors="0">
  <testcase name="RT_RO_OS_001_test" time="351.169" classname="RO_OS_Regression.ro_Test"/>
  <testcase name="RT_RO_OS_004_test" time="4.589" classname="RO_OS_Regression.ro_Test"/>
  <testcase name="RT_RO_OS_011_test" time="3.313" classname="RO_OS_Regression.ro_Test"/>
  <testcase name="RT_RO_OS_003_test" time="3.469" classname="RO_OS_Regression.ro_Test"/>
  <testcase name="RT_RO_OS_013_test" time="3.361" classname="RO_OS_Regression.ro_Test"/>
  <testcase name="RT_RO_OS_005_test" time="3.446" classname="RO_OS_Regression.ro_Test"/>
  <testcase name="RT_RO_OS_011_test" time="3.385" classname="RO_OS_Regression.ro_Test"/>
  <testcase name="RT_RO_OS_009_test" time="3.117" classname="RO_OS_Regression.ro_Test"/>
  <testcase name="RT_RO_OS_008_test" time="3.090" classname="RO_OS_Regression.ro_Test"/>
  <testcase name="RT_RO_OS_009_test" time="3.179" classname="RO_OS_Regression.ro_Test"/>
  <testcase name="RT_RO_OS_006_test" time="3.430" classname="RO_OS_Regression.ro_Test"/>
  <testcase name="RT_RO_OS_012_test" time="3.409" classname="RO_OS_Regression.ro_Test"/>
  <testcase name="RT_RO_OS_008_test" time="3.158" classname="RO_OS_Regression.ro_Test"/>
  <testcase name="RT_RO_OS_012_test" time="3.346" classname="RO_OS_Regression.ro_Test"/>
  <testcase name="RT_RO_OS_010_test" time="3.665" classname="RO_OS_Regression.ro_Test"/>
  <testcase name="RT_RO_OS_010_test" time="3.472" classname="RO_OS_Regression.ro_Test"/>
  <testcase name="RT_RO_OS_005_test" time="2.785" classname="RO_OS_Regression.ro_Test"/>
  <testcase name="RT_RO_OS_007_test" time="3.675" classname="RO_OS_Regression.ro_Test"/>
  <testcase name="RT_RO_OS_013_test" time="3.292" classname="RO_OS_Regression.ro_Test"/>
  <testcase name="RT_RO_OS_003_test" time="3.715" classname="RO_OS_Regression.ro_Test"/>
  <testcase name="RT_RO_OS_007_test" time="3.252" classname="RO_OS_Regression.ro_Test"/>
  <testcase name="RT_RO_OS_002_test" time="4.626" classname="RO_OS_Regression.ro_Test"/>
  <testcase name="RT_RO_OS_004_test" time="319.996" classname="RO_OS_Regression.ro_Test"/>
  <testcase name="RT_RO_OS_001_test" time="8.282" classname="RO_OS_Regression.ro_Test"/>
  <testcase name="RT_RO_OS_002_test" time="4.230" classname="RO_OS_Regression.ro_Test"/>
  <testcase name="RT_RO_OS_006_test" time="3.225" classname="RO_OS_Regression.ro_Test"/>
</testsuite> <!-- RO_OS_Regression.ro_Test -->
