<?xml version="1.0" encoding="UTF-8"?>
<!-- Generated by org.testng.reporters.JUnitReportReporter -->
<testsuite hostname="BDC6-D-5BQCTS1" name="Common_Elements_Regression.Common_Elements_main_test" tests="24" failures="0" timestamp="25 Feb 2015 05:24:07 GMT" time="685.649" errors="0">
  <testcase name="RT_Common_Elements_005" time="0.823" classname="Common_Elements_Regression.Common_Elements_main_test"/>
  <testcase name="RT_Common_Elements_006" time="0.718" classname="Common_Elements_Regression.Common_Elements_main_test"/>
  <testcase name="RT_Common_Elements_006" time="0.749" classname="Common_Elements_Regression.Common_Elements_main_test"/>
  <testcase name="RT_Common_Elements_012" time="0.515" classname="Common_Elements_Regression.Common_Elements_main_test"/>
  <testcase name="RT_Common_Elements_010" time="0.624" classname="Common_Elements_Regression.Common_Elements_main_test"/>
  <testcase name="RT_Common_Elements_007" time="0.678" classname="Common_Elements_Regression.Common_Elements_main_test"/>
  <testcase name="RT_Common_Elements_012" time="0.608" classname="Common_Elements_Regression.Common_Elements_main_test"/>
  <testcase name="RT_Common_Elements_002" time="297.989" classname="Common_Elements_Regression.Common_Elements_main_test"/>
  <testcase name="RT_Common_Elements_002" time="313.423" classname="Common_Elements_Regression.Common_Elements_main_test"/>
  <testcase name="RT_Common_Elements_003" time="1.050" classname="Common_Elements_Regression.Common_Elements_main_test"/>
  <testcase name="RT_Common_Elements_011" time="0.595" classname="Common_Elements_Regression.Common_Elements_main_test"/>
  <testcase name="RT_Common_Elements_007" time="0.600" classname="Common_Elements_Regression.Common_Elements_main_test"/>
  <testcase name="RT_Common_Elements_001" time="19.830" classname="Common_Elements_Regression.Common_Elements_main_test"/>
  <testcase name="RT_Common_Elements_009" time="0.625" classname="Common_Elements_Regression.Common_Elements_main_test"/>
  <testcase name="RT_Common_Elements_003" time="0.863" classname="Common_Elements_Regression.Common_Elements_main_test"/>
  <testcase name="RT_Common_Elements_005" time="0.761" classname="Common_Elements_Regression.Common_Elements_main_test"/>
  <testcase name="RT_Common_Elements_009" time="0.500" classname="Common_Elements_Regression.Common_Elements_main_test"/>
  <testcase name="RT_Common_Elements_004" time="0.781" classname="Common_Elements_Regression.Common_Elements_main_test"/>
  <testcase name="RT_Common_Elements_004" time="0.906" classname="Common_Elements_Regression.Common_Elements_main_test"/>
  <testcase name="RT_Common_Elements_011" time="0.580" classname="Common_Elements_Regression.Common_Elements_main_test"/>
  <testcase name="RT_Common_Elements_008" time="0.668" classname="Common_Elements_Regression.Common_Elements_main_test"/>
  <testcase name="RT_Common_Elements_001" time="40.517" classname="Common_Elements_Regression.Common_Elements_main_test"/>
  <testcase name="RT_Common_Elements_010" time="0.609" classname="Common_Elements_Regression.Common_Elements_main_test"/>
  <testcase name="RT_Common_Elements_008" time="0.637" classname="Common_Elements_Regression.Common_Elements_main_test"/>
</testsuite> <!-- Common_Elements_Regression.Common_Elements_main_test -->
