<?xml version="1.0" encoding="UTF-8"?>
<!-- Generated by org.testng.reporters.JUnitReportReporter -->
<testsuite hostname="BDC6-D-5BQCTS1" name="Packages_ABF.Packages_ABF_main_test" tests="16" failures="0" timestamp="2 Mar 2015 12:07:53 GMT" time="42.392" errors="0">
  <testcase name="RT_Packages_ABF_005" time="0.799" classname="Packages_ABF.Packages_ABF_main_test"/>
  <testcase name="RT_Packages_ABF_006" time="0.766" classname="Packages_ABF.Packages_ABF_main_test"/>
  <testcase name="RT_Packages_ABF_002" time="0.962" classname="Packages_ABF.Packages_ABF_main_test"/>
  <testcase name="RT_Packages_ABF_003" time="0.884" classname="Packages_ABF.Packages_ABF_main_test"/>
  <testcase name="RT_Packages_ABF_006" time="0.586" classname="Packages_ABF.Packages_ABF_main_test"/>
  <testcase name="RT_Packages_ABF_007_2" time="0.633" classname="Packages_ABF.Packages_ABF_main_test"/>
  <testcase name="RT_Packages_ABF_007_1" time="0.679" classname="Packages_ABF.Packages_ABF_main_test"/>
  <testcase name="RT_Packages_ABF_001" time="18.235" classname="Packages_ABF.Packages_ABF_main_test"/>
  <testcase name="RT_Packages_ABF_004" time="0.805" classname="Packages_ABF.Packages_ABF_main_test"/>
  <testcase name="RT_Packages_ABF_004" time="0.834" classname="Packages_ABF.Packages_ABF_main_test"/>
  <testcase name="RT_Packages_ABF_005" time="0.798" classname="Packages_ABF.Packages_ABF_main_test"/>
  <testcase name="RT_Packages_ABF_002" time="1.176" classname="Packages_ABF.Packages_ABF_main_test"/>
  <testcase name="RT_Packages_ABF_001" time="13.000" classname="Packages_ABF.Packages_ABF_main_test"/>
  <testcase name="RT_Packages_ABF_003" time="0.919" classname="Packages_ABF.Packages_ABF_main_test"/>
  <testcase name="RT_Packages_ABF_007_2" time="0.662" classname="Packages_ABF.Packages_ABF_main_test"/>
  <testcase name="RT_Packages_ABF_007_1" time="0.654" classname="Packages_ABF.Packages_ABF_main_test"/>
</testsuite> <!-- Packages_ABF.Packages_ABF_main_test -->
