<?xml version="1.0" encoding="UTF-8"?>
<!-- Generated by org.testng.reporters.JUnitReportReporter -->
<testsuite hostname="BDC6-D-429SWPK" name="CRH_EBF_TV.TV_Test" tests="48" failures="0" timestamp="24 Apr 2015 06:29:30 GMT" time="101.030" errors="0">
  <testcase name="RT_TV_011" time="0.172" classname="CRH_EBF_TV.TV_Test"/>
  <testcase name="RT_TV_010" time="0.156" classname="CRH_EBF_TV.TV_Test"/>
  <testcase name="RT_TV_019" time="1.194" classname="CRH_EBF_TV.TV_Test"/>
  <testcase name="RT_TV_005" time="0.109" classname="CRH_EBF_TV.TV_Test"/>
  <testcase name="RT_TV_003" time="1.474" classname="CRH_EBF_TV.TV_Test"/>
  <testcase name="RT_TV_001" time="64.245" classname="CRH_EBF_TV.TV_Test"/>
  <testcase name="RT_TV_004" time="0.187" classname="CRH_EBF_TV.TV_Test"/>
  <testcase name="RT_TV_007" time="0.369" classname="CRH_EBF_TV.TV_Test"/>
  <testcase name="RT_TV_016" time="1.154" classname="CRH_EBF_TV.TV_Test"/>
  <testcase name="RT_TV_004" time="1.405" classname="CRH_EBF_TV.TV_Test"/>
  <testcase name="RT_TV_010" time="1.147" classname="CRH_EBF_TV.TV_Test"/>
  <testcase name="RT_TV_021" time="1.157" classname="CRH_EBF_TV.TV_Test"/>
  <testcase name="RT_TV_011" time="1.037" classname="CRH_EBF_TV.TV_Test"/>
  <testcase name="RT_TV_026" time="0.140" classname="CRH_EBF_TV.TV_Test"/>
  <testcase name="RT_TV_008" time="0.133" classname="CRH_EBF_TV.TV_Test"/>
  <testcase name="RT_TV_007" time="1.180" classname="CRH_EBF_TV.TV_Test"/>
  <testcase name="RT_TV_022" time="0.192" classname="CRH_EBF_TV.TV_Test"/>
  <testcase name="RT_TV_027" time="1.192" classname="CRH_EBF_TV.TV_Test"/>
  <testcase name="RT_TV_006" time="0.266" classname="CRH_EBF_TV.TV_Test"/>
  <testcase name="RT_TV_016" time="0.181" classname="CRH_EBF_TV.TV_Test"/>
  <testcase name="RT_TV_023" time="0.388" classname="CRH_EBF_TV.TV_Test"/>
  <testcase name="RT_TV_023" time="1.196" classname="CRH_EBF_TV.TV_Test"/>
  <testcase name="RT_TV_022" time="1.347" classname="CRH_EBF_TV.TV_Test"/>
  <testcase name="RT_TV_014" time="0.346" classname="CRH_EBF_TV.TV_Test"/>
  <testcase name="RT_TV_002" time="0.172" classname="CRH_EBF_TV.TV_Test"/>
  <testcase name="RT_TV_028" time="1.051" classname="CRH_EBF_TV.TV_Test"/>
  <testcase name="RT_TV_005" time="1.144" classname="CRH_EBF_TV.TV_Test"/>
  <testcase name="RT_TV_020" time="1.231" classname="CRH_EBF_TV.TV_Test"/>
  <testcase name="RT_TV_027" time="0.140" classname="CRH_EBF_TV.TV_Test"/>
  <testcase name="RT_TV_008" time="1.192" classname="CRH_EBF_TV.TV_Test"/>
  <testcase name="RT_TV_015" time="0.136" classname="CRH_EBF_TV.TV_Test"/>
  <testcase name="RT_TV_009" time="1.157" classname="CRH_EBF_TV.TV_Test"/>
  <testcase name="RT_TV_025" time="1.078" classname="CRH_EBF_TV.TV_Test"/>
  <testcase name="RT_TV_026" time="1.069" classname="CRH_EBF_TV.TV_Test"/>
  <testcase name="RT_TV_009" time="0.256" classname="CRH_EBF_TV.TV_Test"/>
  <testcase name="RT_TV_028" time="0.328" classname="CRH_EBF_TV.TV_Test"/>
  <testcase name="RT_TV_003" time="0.219" classname="CRH_EBF_TV.TV_Test"/>
  <testcase name="RT_TV_025" time="0.269" classname="CRH_EBF_TV.TV_Test"/>
  <testcase name="RT_TV_014" time="1.186" classname="CRH_EBF_TV.TV_Test"/>
  <testcase name="RT_TV_020" time="0.177" classname="CRH_EBF_TV.TV_Test"/>
  <testcase name="RT_TV_015" time="1.104" classname="CRH_EBF_TV.TV_Test"/>
  <testcase name="RT_TV_021" time="0.117" classname="CRH_EBF_TV.TV_Test"/>
  <testcase name="RT_TV_006" time="1.406" classname="CRH_EBF_TV.TV_Test"/>
  <testcase name="RT_TV_024" time="0.819" classname="CRH_EBF_TV.TV_Test"/>
  <testcase name="RT_TV_019" time="0.422" classname="CRH_EBF_TV.TV_Test"/>
  <testcase name="RT_TV_001" time="0.203" classname="CRH_EBF_TV.TV_Test"/>
  <testcase name="RT_TV_002" time="4.417" classname="CRH_EBF_TV.TV_Test"/>
  <testcase name="RT_TV_024" time="1.370" classname="CRH_EBF_TV.TV_Test"/>
</testsuite> <!-- CRH_EBF_TV.TV_Test -->
